<?xml version="1.0" encoding="UTF-8"?>
<!-- Generated by org.testng.reporters.JUnitXMLReporter -->
<testsuite hostname="LAPTOP-CSJIOOPH" ignored="0" name="Default test" tests="5" failures="0" timestamp="2022-01-25T22:35:05 IST" time="73.892" errors="0">
  <testcase name="createRequest" time="16.32" classname="testNG_Advanced.TC_DataProviderUsingExcel"/>
  <testcase name="createRequest" time="19.973" classname="testNG_Advanced.TC_DataProviderUsingExcel"/>
  <testcase name="createRequest" time="11.451" classname="testNG_Advanced.TC_DataProviderUsingExcel"/>
  <testcase name="createRequest" time="10.632" classname="testNG_Advanced.TC_DataProviderUsingExcel"/>
  <testcase name="createRequest" time="14.905" classname="testNG_Advanced.TC_DataProviderUsingExcel"/>
</testsuite> <!-- Default test -->
