<?xml version="1.0" encoding="UTF-8"?>
<!-- Generated by org.testng.reporters.JUnitXMLReporter -->
<testsuite hostname="LAPTOP-CSJIOOPH" ignored="10" name="Test" tests="4" failures="0" timestamp="2022-01-27T10:14:13 IST" time="11.942" errors="0">
  <testcase name="dell" time="4.671" classname="testNG_Basics.TC_priority_001"/>
  <testcase name="dell" time="6.146" classname="testNG_Basics.TC_threadPoolSize_001"/>
  <testcase name="dell" time="6.401" classname="testNG_Basics.TC_threadPoolSize_001"/>
  <testcase name="dell" time="7.203" classname="testNG_Basics.TC_threadPoolSize_001"/>
  <testcase name="lenskart" time="0.0" classname="testNG_Basics.TC_Invocationcount_001">
    <ignored/>
  </testcase> <!-- lenskart -->
  <testcase name="dell" time="0.0" classname="testNG_Basics.TC_basic_001">
    <ignored/>
  </testcase> <!-- dell -->
  <testcase name="dell" time="0.0" classname="testNG_Basics.TC_Invocationcount_001">
    <ignored/>
  </testcase> <!-- dell -->
  <testcase name="lenovo" time="0.0" classname="testNG_Basics.TC_basic_001">
    <ignored/>
  </testcase> <!-- lenovo -->
  <testcase name="lenovo" time="0.0" classname="testNG_Basics.TC_Invocationcount_001">
    <ignored/>
  </testcase> <!-- lenovo -->
  <testcase name="lenovo" time="0.0" classname="testNG_Basics.TC_threadPoolSize_001">
    <ignored/>
  </testcase> <!-- lenovo -->
  <testcase name="lenskart" time="0.0" classname="testNG_Basics.TC_priority_001">
    <ignored/>
  </testcase> <!-- lenskart -->
  <testcase name="lenskart" time="0.0" classname="testNG_Basics.TC_basic_001">
    <ignored/>
  </testcase> <!-- lenskart -->
  <testcase name="lenskart" time="0.0" classname="testNG_Basics.TC_threadPoolSize_001">
    <ignored/>
  </testcase> <!-- lenskart -->
  <testcase name="lenovo" time="0.0" classname="testNG_Basics.TC_priority_001">
    <ignored/>
  </testcase> <!-- lenovo -->
</testsuite> <!-- Test -->
