<?xml version="1.0" encoding="UTF-8"?>
<testng-results skipped="0" failed="0" ignored="10" total="14" passed="4">
  <reporter-output>
  </reporter-output>
  <suite name="Suite" duration-ms="11942" started-at="2022-01-27T10:14:01 IST" finished-at="2022-01-27T10:14:13 IST">
    <groups>
      <group name="AdhocTesting">
        <method signature="TC_priority_001.dell()[pri:3, instance:testNG_Basics.TC_priority_001@7494e528]" name="dell" class="testNG_Basics.TC_priority_001"/>
        <method signature="TC_threadPoolSize_001.dell()[pri:0, instance:testNG_Basics.TC_threadPoolSize_001@4bbfb90a]" name="dell" class="testNG_Basics.TC_threadPoolSize_001"/>
      </group> <!-- AdhocTesting -->
    </groups>
    <test name="Test" duration-ms="11942" started-at="2022-01-27T10:14:01 IST" finished-at="2022-01-27T10:14:13 IST">
      <class name="testNG_Basics.TC_priority_001">
        <test-method status="PASS" signature="dell()[pri:3, instance:testNG_Basics.TC_priority_001@7494e528]" name="dell" duration-ms="4671" started-at="2022-01-27T10:14:01 IST" finished-at="2022-01-27T10:14:06 IST">
          <reporter-output>
          </reporter-output>
        </test-method> <!-- dell -->
      </class> <!-- testNG_Basics.TC_priority_001 -->
      <class name="testNG_Basics.TC_threadPoolSize_001">
        <test-method status="PASS" signature="dell()[pri:0, instance:testNG_Basics.TC_threadPoolSize_001@4bbfb90a]" name="dell" duration-ms="7203" started-at="2022-01-27T10:14:06 IST" finished-at="2022-01-27T10:14:13 IST">
          <reporter-output>
          </reporter-output>
        </test-method> <!-- dell -->
        <test-method status="PASS" signature="dell()[pri:0, instance:testNG_Basics.TC_threadPoolSize_001@4bbfb90a]" name="dell" duration-ms="6401" started-at="2022-01-27T10:14:06 IST" finished-at="2022-01-27T10:14:12 IST">
          <reporter-output>
          </reporter-output>
        </test-method> <!-- dell -->
        <test-method status="PASS" signature="dell()[pri:0, instance:testNG_Basics.TC_threadPoolSize_001@4bbfb90a]" name="dell" duration-ms="6146" started-at="2022-01-27T10:14:06 IST" finished-at="2022-01-27T10:14:12 IST">
          <reporter-output>
          </reporter-output>
        </test-method> <!-- dell -->
      </class> <!-- testNG_Basics.TC_threadPoolSize_001 -->
    </test> <!-- Test -->
  </suite> <!-- Suite -->
</testng-results>
